<?xml version="1.0" encoding="UTF-8"?>
<!-- Generated by org.testng.reporters.JUnitReportReporter -->
<testsuite hostname="AkashKhanna" failures="0" tests="1" name="com.tests.GoogleDemoTest" time="8.320" errors="0" timestamp="2023-07-02T23:59:38 IST" skipped="0">
  <testcase classname="com.tests.GoogleDemoTest" name="test" time="8.320"/>
  <system-out/>
</testsuite> <!-- com.tests.GoogleDemoTest -->
