<?xml version="1.0" encoding="UTF-8"?>
<!-- Generated by org.testng.reporters.JUnitReportReporter -->
<testsuite hostname="AkashKhanna" failures="0" tests="1" name="com.tests.GoogleDemoTest" time="6.793" errors="0" timestamp="2023-07-03T15:29:05 IST" skipped="0">
  <testcase classname="com.tests.GoogleDemoTest" name="test" time="6.793"/>
  <system-out/>
</testsuite> <!-- com.tests.GoogleDemoTest -->
